praaktic_sdk/build/intermediates/manifest_merge_blame_file/debug/manifest-merger-blame-debug-report.txt
1<?xml version="1.0" encoding="utf-8"?>
2<manifest xmlns:android="http://schemas.android.com/apk/res/android"
3    package="com.praaktis.exerciseengine"
4    android:versionCode="1"
5    android:versionName="1.0" >
6
7    <uses-sdk
8        android:minSdkVersion="21"
8-->src/main/AndroidManifest.xml
9        android:targetSdkVersion="29" />
9-->src/main/AndroidManifest.xml
10
11    <uses-permission android:name="android.permission.INTERNET" />
11-->src/main/AndroidManifest.xml:4:5-66
11-->src/main/AndroidManifest.xml:4:22-64
12    <uses-permission android:name="android.permission.CAMERA" />
12-->src/main/AndroidManifest.xml:6:5-64
12-->src/main/AndroidManifest.xml:6:22-62
13
14    <application
14-->src/main/AndroidManifest.xml:8:5-18:19
15        android:allowBackup="true"
15-->src/main/AndroidManifest.xml:9:9-35
16        android:hardwareAccelerated="true"
16-->src/main/AndroidManifest.xml:13:9-43
17        android:label="@string/app_name"
17-->src/main/AndroidManifest.xml:10:9-41
18        android:supportsRtl="true"
18-->src/main/AndroidManifest.xml:11:9-35
19        android:theme="@style/AppTheme" >
19-->src/main/AndroidManifest.xml:12:9-40
20        <activity
20-->src/main/AndroidManifest.xml:15:9-17:20
21            android:name="com.praaktis.exerciseengine.ExerciseEngineActivity"
21-->src/main/AndroidManifest.xml:15:19-57
22            android:screenOrientation="portrait" >
22-->src/main/AndroidManifest.xml:16:13-49
23        </activity>
24    </application>
25
26</manifest>